<?xml version="1.0" encoding="UTF-8"?>
<!-- Generated by org.testng.reporters.JUnitXMLReporter -->
<testsuite ignored="0" hostname="Sanjeev" failures="1" tests="3" name="Test" time="29.678" errors="0" timestamp="2026-05-31T12:18:54 IST">
  <testcase classname="listner_and_reports.L1_Listener" name="testLogo" time="0.121"/>
  <testcase classname="listner_and_reports.L1_Listener" name="testAppUrl" time="0.029">
    <failure type="java.lang.AssertionError" message="expected [https://wrongurl.com] but found [https://opensource-demo.orangehrmlive.com/web/index.php/auth/login]">
      <![CDATA[java.lang.AssertionError: expected [https://wrongurl.com] but found [https://opensource-demo.orangehrmlive.com/web/index.php/auth/login]
at listner_and_reports.L1_Listener.testAppUrl(L1_Listener.java:44)
at java.base/java.util.ArrayList.forEach(ArrayList.java:1596)
... Removed 31 stack frames]]>
    </failure>
  </testcase> <!-- testAppUrl -->
  <testcase classname="listner_and_reports.L1_Listener" name="testHomePageTitle" time="0.0">
    <skipped/>
  </testcase> <!-- testHomePageTitle -->
</testsuite> <!-- Test -->
