<?xml version="1.0" encoding="UTF-8"?>
<testng-results ignored="0" total="2" passed="2" failed="0" skipped="0">
  <reporter-output>
  </reporter-output>
  <suite started-at="2026-07-29T08:12:47 IST" name="Parallel Suite" finished-at="2026-07-29T08:13:10 IST" duration-ms="23050">
    <groups>
    </groups>
    <test started-at="2026-07-29T08:12:47 IST" name="Chrome Test" finished-at="2026-07-29T08:12:55 IST" duration-ms="7843">
      <class name="A_Java.Kumar">
        <test-method signature="launchthebrowser(java.lang.String)[pri:0, instance:A_Java.Kumar@16d04d3d]" started-at="2026-07-29T08:12:47 IST" name="launchthebrowser" finished-at="2026-07-29T08:12:55 IST" duration-ms="7761" status="PASS">
          <params>
            <param index="0">
              <value>
                <![CDATA[chrome]]>
              </value>
            </param>
          </params>
          <reporter-output>
          </reporter-output>
        </test-method> <!-- launchthebrowser -->
      </class> <!-- A_Java.Kumar -->
    </test> <!-- Chrome Test -->
    <test started-at="2026-07-29T08:12:47 IST" name="Firefox Test" finished-at="2026-07-29T08:13:10 IST" duration-ms="23049">
      <class name="A_Java.Kumar">
        <test-method signature="launchthebrowser(java.lang.String)[pri:0, instance:A_Java.Kumar@515c6049]" started-at="2026-07-29T08:12:47 IST" name="launchthebrowser" finished-at="2026-07-29T08:13:10 IST" duration-ms="22977" status="PASS">
          <params>
            <param index="0">
              <value>
                <![CDATA[firefox]]>
              </value>
            </param>
          </params>
          <reporter-output>
          </reporter-output>
        </test-method> <!-- launchthebrowser -->
      </class> <!-- A_Java.Kumar -->
    </test> <!-- Firefox Test -->
  </suite> <!-- Parallel Suite -->
</testng-results>
