<?xml version="1.0" encoding="UTF-8"?>
<!-- Generated by org.testng.reporters.JUnitReportReporter -->
<testsuite hostname="Sanjeev" failures="0" tests="2" name="Danger0.Multiple_Browser_TestNG_Parallel_Test" time="74.822" errors="0" timestamp="2026-05-07T10:27:12 IST" skipped="0">
  <testcase classname="Danger0.Multiple_Browser_TestNG_Parallel_Test" name="launchBrowser" time="42.862"/>
  <testcase classname="Danger0.Multiple_Browser_TestNG_Parallel_Test" name="launchBrowser" time="31.960"/>
</testsuite> <!-- Danger0.Multiple_Browser_TestNG_Parallel_Test -->
