<?xml version="1.0" encoding="UTF-8"?>
<!-- Generated by org.testng.reporters.JUnitReportReporter -->
<testsuite hostname="Sanjeev" failures="0" tests="5" name="Danger3.R_Data_driven_Framework" time="0.071" errors="0" timestamp="2026-05-30T10:33:16 IST" skipped="0">
  <testcase classname="Danger3.R_Data_driven_Framework" name="test1" time="0.027"/>
  <testcase classname="Danger3.R_Data_driven_Framework" name="test1" time="0.005"/>
  <testcase classname="Danger3.R_Data_driven_Framework" name="test1" time="0.013"/>
  <testcase classname="Danger3.R_Data_driven_Framework" name="test1" time="0.017"/>
  <testcase classname="Danger3.R_Data_driven_Framework" name="test1" time="0.009"/>
</testsuite> <!-- Danger3.R_Data_driven_Framework -->
