<?xml version="1.0" encoding="UTF-8"?>
<!-- Generated by org.testng.reporters.JUnitReportReporter -->
<testsuite hostname="Sanjeev" failures="0" tests="2" name="D3_Parallel_Testing.Multiple_Browser_TestNG_Parallel_Test" time="60.518" errors="0" timestamp="2026-07-25T06:35:17 IST" skipped="0">
  <testcase classname="D3_Parallel_Testing.Multiple_Browser_TestNG_Parallel_Test" name="launchBrowser" time="26.116"/>
  <testcase classname="D3_Parallel_Testing.Multiple_Browser_TestNG_Parallel_Test" name="launchBrowser" time="34.402"/>
</testsuite> <!-- D3_Parallel_Testing.Multiple_Browser_TestNG_Parallel_Test -->
