<?xml version="1.0" encoding="UTF-8"?>
<!-- Generated by org.testng.reporters.JUnitReportReporter -->
<testsuite hostname="Sanjeev" failures="0" tests="5" name="Danger3.R_Data_driven_Framework" time="0.041" errors="0" timestamp="2026-05-04T07:23:28 IST" skipped="0">
  <testcase classname="Danger3.R_Data_driven_Framework" name="test1" time="0.004"/>
  <testcase classname="Danger3.R_Data_driven_Framework" name="test1" time="0.004"/>
  <testcase classname="Danger3.R_Data_driven_Framework" name="test1" time="0.003"/>
  <testcase classname="Danger3.R_Data_driven_Framework" name="test1" time="0.028"/>
  <testcase classname="Danger3.R_Data_driven_Framework" name="test1" time="0.002"/>
</testsuite> <!-- Danger3.R_Data_driven_Framework -->
