<?xml version="1.0" encoding="UTF-8"?>
<!-- Generated by org.testng.reporters.JUnitReportReporter -->
<testsuite hostname="Sanjeev" failures="0" tests="1" name="D_Selenium.All_Assertions_Including_Hard_and_Soft_Assertion" time="9.106" errors="0" timestamp="2026-09-06T17:21:53 IST" skipped="0">
  <testcase classname="D_Selenium.All_Assertions_Including_Hard_and_Soft_Assertion" name="verifyAssertions" time="9.106"/>
</testsuite> <!-- D_Selenium.All_Assertions_Including_Hard_and_Soft_Assertion -->
