<?xml version="1.0" encoding="UTF-8"?>
<!-- Generated by org.testng.reporters.JUnitReportReporter -->
<testsuite hostname="Sanjeev" failures="0" tests="5" name="D1_Data_Driven_Testing.L1_Data_Provider_Annotation_Demo" time="59.709" errors="0" timestamp="2026-07-09T08:15:45 IST" skipped="0">
  <testcase classname="D1_Data_Driven_Testing.L1_Data_Provider_Annotation_Demo" name="testLogin" time="15.318"/>
  <testcase classname="D1_Data_Driven_Testing.L1_Data_Provider_Annotation_Demo" name="testLogin" time="13.931"/>
  <testcase classname="D1_Data_Driven_Testing.L1_Data_Provider_Annotation_Demo" name="testLogin" time="13.141"/>
  <testcase classname="D1_Data_Driven_Testing.L1_Data_Provider_Annotation_Demo" name="testLogin" time="13.751"/>
  <testcase classname="D1_Data_Driven_Testing.L1_Data_Provider_Annotation_Demo" name="testLogin" time="3.568"/>
</testsuite> <!-- D1_Data_Driven_Testing.L1_Data_Provider_Annotation_Demo -->
