<?xml version="1.0" encoding="UTF-8"?>
<!-- Generated by org.testng.reporters.JUnitReportReporter -->
<testsuite hostname="Sanjeev" failures="0" tests="4" name="listener_package.TestClass" time="1.064" errors="0" timestamp="2026-05-30T10:28:54 IST" skipped="0">
  <testcase classname="listener_package.TestClass" name="testMethod1" time="0.005"/>
  <testcase classname="listener_package.TestClass" name="testMethod3" time="1.047"/>
  <testcase classname="listener_package.TestClass" name="testMethod2" time="0.010"/>
  <testcase classname="listener_package.TestClass" name="testMethod4" time="0.002"/>
</testsuite> <!-- listener_package.TestClass -->
