<?xml version="1.0" encoding="UTF-8"?>
<!-- Generated by org.testng.reporters.JUnitReportReporter -->
<testsuite hostname="Sanjeev" failures="0" tests="5" name="Danger.Kumar" time="0.030" errors="0" timestamp="2026-05-04T14:43:53 IST" skipped="0">
  <testcase classname="Danger.Kumar" name="test1" time="0.004"/>
  <testcase classname="Danger.Kumar" name="test1" time="0.003"/>
  <testcase classname="Danger.Kumar" name="test1" time="0.004"/>
  <testcase classname="Danger.Kumar" name="test1" time="0.017"/>
  <testcase classname="Danger.Kumar" name="test1" time="0.002"/>
</testsuite> <!-- Danger.Kumar -->
