<?xml version="1.0" encoding="UTF-8"?>
<!-- Generated by org.testng.reporters.JUnitReportReporter -->
<testsuite hostname="Sanjeev" failures="0" tests="5" name="D1_Data_Driven_Testing.L2_Data_driven_Framework" time="0.046" errors="0" timestamp="2026-07-09T07:17:19 IST" skipped="0">
  <testcase classname="D1_Data_Driven_Testing.L2_Data_driven_Framework" name="test1" time="0.004"/>
  <testcase classname="D1_Data_Driven_Testing.L2_Data_driven_Framework" name="test1" time="0.007"/>
  <testcase classname="D1_Data_Driven_Testing.L2_Data_driven_Framework" name="test1" time="0.024"/>
  <testcase classname="D1_Data_Driven_Testing.L2_Data_driven_Framework" name="test1" time="0.007"/>
  <testcase classname="D1_Data_Driven_Testing.L2_Data_driven_Framework" name="test1" time="0.004"/>
</testsuite> <!-- D1_Data_Driven_Testing.L2_Data_driven_Framework -->
